{"contracts\\BaseGaiaDex.sol":{"l":{"32":1587,"33":1587,"35":1587,"36":1587,"37":1587,"38":1587,"43":1238,"44":1226,"49":4,"50":3,"51":2,"52":2,"56":3,"57":2,"58":2,"62":532,"63":531,"64":531,"68":4,"69":3,"70":3,"74":14,"75":14,"76":14,"77":14,"82":24,"83":24,"84":24,"85":24,"90":0,"91":0,"101":1,"102":1,"104":1,"105":9,"107":1,"112":396,"117":29,"121":2,"126":610,"127":601,"131":860,"151":1308,"155":543,"156":543,"157":180,"158":180,"160":363,"166":572,"167":572,"168":880,"169":43,"171":142,"173":880,"175":503,"176":92,"181":28,"182":28,"183":26,"189":1171,"190":1170,"191":1169,"193":1160,"194":1156,"195":1149,"196":1146,"198":1146,"199":1145,"201":1144,"202":214,"203":204,"204":192,"206":207,"208":207,"209":76,"212":1113,"213":48,"215":1065,"220":925,"221":925,"223":858,"224":858,"225":858,"226":856,"227":856,"228":856,"229":856,"230":856,"231":856,"232":856,"233":856,"234":856,"235":856,"236":856,"237":856,"238":856,"241":856,"242":856,"243":856,"244":856,"245":856,"246":546,"247":546,"248":546,"249":546,"251":310,"252":310,"253":310,"254":310,"257":856,"259":856,"263":117,"264":102,"265":102,"266":102,"268":87,"269":87,"270":87,"271":87,"272":58,"273":58,"274":58,"276":29,"277":29,"278":29,"279":29,"280":29,"284":87,"285":87,"286":87,"303":321,"304":321,"306":321,"307":255,"308":255,"309":255,"325":321,"331":321,"333":321,"334":209,"335":209,"337":209,"339":207,"341":112,"342":112,"344":112,"346":112,"356":922,"364":61,"365":47,"379":2321,"380":2318,"381":677,"382":677,"384":677,"385":427,"387":427,"388":45,"389":45,"392":250,"393":250,"396":878,"398":878,"399":315,"401":563,"404":574,"405":574,"408":189,"409":189,"410":189,"415":438,"416":438,"417":0,"418":0},"path":"C:\\Users\\kavan\\Documents\\GitHub\\gaia-dex\\contracts\\BaseGaiaDex.sol","s":{"1":1587,"2":1587,"3":1587,"4":1587,"5":1587,"6":1587,"7":1238,"8":4,"9":3,"10":2,"11":2,"12":3,"13":2,"14":2,"15":532,"16":531,"17":531,"18":4,"19":3,"20":3,"21":14,"22":14,"23":14,"24":14,"25":24,"26":24,"27":24,"28":24,"29":0,"30":0,"31":1,"32":1,"33":1,"34":9,"35":1,"36":396,"37":29,"38":2,"39":610,"40":601,"41":860,"42":1308,"43":543,"44":543,"45":180,"46":180,"47":363,"48":572,"49":572,"50":880,"51":43,"52":837,"53":142,"54":880,"55":503,"56":92,"57":28,"58":28,"59":26,"60":1171,"61":1170,"62":1169,"63":1160,"64":1156,"65":1149,"66":1146,"67":1146,"68":1145,"69":1144,"70":214,"71":204,"72":192,"73":930,"74":207,"75":207,"76":76,"77":1113,"78":48,"79":1065,"80":925,"81":226,"82":925,"83":858,"84":858,"85":858,"86":856,"87":856,"88":856,"89":856,"90":856,"91":856,"92":856,"93":856,"94":856,"95":856,"96":856,"97":856,"98":856,"99":856,"100":856,"101":856,"102":856,"103":546,"104":546,"105":546,"106":546,"107":310,"108":310,"109":310,"110":310,"111":856,"112":856,"113":117,"114":102,"115":102,"116":102,"117":87,"118":87,"119":87,"120":87,"121":58,"122":58,"123":58,"124":29,"125":29,"126":29,"127":29,"128":29,"129":87,"130":87,"131":87,"132":321,"133":321,"134":321,"135":255,"136":255,"137":255,"138":321,"139":321,"140":321,"141":209,"142":186,"143":209,"144":111,"145":209,"146":207,"147":112,"148":111,"149":112,"150":88,"151":112,"152":112,"153":922,"154":61,"155":47,"156":2321,"157":2318,"158":677,"159":677,"160":677,"161":427,"162":171,"163":427,"164":45,"165":45,"166":17,"167":250,"168":250,"169":1641,"170":878,"171":878,"172":315,"173":563,"174":763,"175":574,"176":574,"177":189,"178":189,"179":189,"180":438,"181":438,"182":0,"183":0},"b":{"1":[1226,12],"2":[3,1],"3":[2,1],"4":[2,1],"5":[531,1],"6":[3,1],"7":[14,0],"8":[24,0],"9":[1,0],"10":[601,9],"11":[592,9],"12":[180,363],"13":[43,837],"14":[142,695],"15":[92,411],"16":[82,10],"17":[26,2],"18":[1170,1],"19":[1169,1],"20":[1160,9],"21":[1156,4],"22":[1149,7],"23":[1146,3],"24":[1146,0],"25":[1145,1],"26":[1144,1],"27":[214,930],"28":[204,10],"29":[192,12],"30":[190,2],"31":[207,723],"32":[207,0],"33":[76,131],"34":[69,7],"35":[48,1065],"36":[47,1],"37":[1054,11],"38":[226,699],"39":[856,2],"40":[546,310],"41":[102,15],"42":[87,15],"43":[58,29],"44":[255,66],"45":[209,112],"46":[186,23],"47":[111,98],"48":[111,1],"49":[88,24],"50":[47,14],"51":[2318,3],"52":[677,1641],"53":[677,0],"54":[677,0],"55":[427,250],"56":[171,256],"57":[45,382],"58":[17,28],"59":[250,0],"60":[878,763],"61":[878,0],"62":[315,563],"63":[574,189],"64":[574,0],"65":[189,0],"66":[189,0],"67":[0,438]},"f":{"1":1587,"2":1238,"3":4,"4":3,"5":532,"6":4,"7":14,"8":24,"9":0,"10":1,"11":396,"12":29,"13":2,"14":610,"15":860,"16":1308,"17":543,"18":572,"19":28,"20":1171,"21":925,"22":117,"23":321,"24":321,"25":922,"26":61,"27":2321,"28":438},"fnMap":{"1":{"name":"constructor","line":31,"loc":{"start":{"line":31,"column":4},"end":{"line":39,"column":4}}},"2":{"name":"nonBlacklistedUser","line":42,"loc":{"start":{"line":42,"column":4},"end":{"line":45,"column":4}}},"3":{"name":"setFee","line":48,"loc":{"start":{"line":48,"column":4},"end":{"line":53,"column":4}}},"4":{"name":"setFeeReceiver","line":55,"loc":{"start":{"line":55,"column":4},"end":{"line":59,"column":4}}},"5":{"name":"setRoyaltyDB","line":61,"loc":{"start":{"line":61,"column":4},"end":{"line":65,"column":4}}},"6":{"name":"setMinDuration","line":67,"loc":{"start":{"line":67,"column":4},"end":{"line":71,"column":4}}},"7":{"name":"setBlacklistUsers","line":73,"loc":{"start":{"line":73,"column":4},"end":{"line":79,"column":4}}},"8":{"name":"setBlacklistTokens","line":81,"loc":{"start":{"line":81,"column":4},"end":{"line":87,"column":4}}},"9":{"name":"cancelOrdersByOwner","line":89,"loc":{"start":{"line":89,"column":4},"end":{"line":93,"column":4}}},"10":{"name":"emergencyWithdraw","line":100,"loc":{"start":{"line":95,"column":4},"end":{"line":108,"column":4}}},"11":{"name":"getOrder","line":111,"loc":{"start":{"line":111,"column":4},"end":{"line":113,"column":4}}},"12":{"name":"getCurrentPrice","line":116,"loc":{"start":{"line":116,"column":4},"end":{"line":118,"column":4}}},"13":{"name":"getOrderHash","line":120,"loc":{"start":{"line":120,"column":4},"end":{"line":122,"column":4}}},"14":{"name":"_getCurrentPrice","line":125,"loc":{"start":{"line":125,"column":4},"end":{"line":128,"column":4}}},"15":{"name":"_getOrderHash","line":130,"loc":{"start":{"line":130,"column":4},"end":{"line":148,"column":4}}},"16":{"name":"_currencyTypeOf","line":150,"loc":{"start":{"line":150,"column":4},"end":{"line":152,"column":4}}},"17":{"name":"_getHighestPrice","line":154,"loc":{"start":{"line":154,"column":4},"end":{"line":162,"column":4}}},"18":{"name":"createOrders","line":165,"loc":{"start":{"line":165,"column":4},"end":{"line":178,"column":4}}},"19":{"name":"cancelOrders","line":180,"loc":{"start":{"line":180,"column":4},"end":{"line":185,"column":4}}},"20":{"name":"_checkOrderForCreation","line":188,"loc":{"start":{"line":188,"column":4},"end":{"line":217,"column":4}}},"21":{"name":"_createOrder","line":219,"loc":{"start":{"line":219,"column":4},"end":{"line":260,"column":4}}},"22":{"name":"_cancelOrder","line":262,"loc":{"start":{"line":262,"column":4},"end":{"line":287,"column":4}}},"23":{"name":"_getFeeAndRoyalty","line":289,"loc":{"start":{"line":289,"column":4},"end":{"line":311,"column":4}}},"24":{"name":"_transferFeeRoyaltyCurrencyAndTokens","line":313,"loc":{"start":{"line":313,"column":4},"end":{"line":348,"column":4}}},"25":{"name":"_transferCurrency","line":350,"loc":{"start":{"line":350,"column":4},"end":{"line":357,"column":4}}},"26":{"name":"_refundExcessCurrency","line":359,"loc":{"start":{"line":359,"column":4},"end":{"line":367,"column":4}}},"27":{"name":"_transferTokens","line":370,"loc":{"start":{"line":370,"column":4},"end":{"line":412,"column":4}}},"28":{"name":"_safeETHTransfer","line":414,"loc":{"start":{"line":414,"column":4},"end":{"line":420,"column":4}}}},"statementMap":{"1":{"start":{"line":32,"column":8},"end":{"line":32,"column":19}},"2":{"start":{"line":33,"column":8},"end":{"line":33,"column":33}},"3":{"start":{"line":35,"column":8},"end":{"line":35,"column":38}},"4":{"start":{"line":36,"column":8},"end":{"line":36,"column":40}},"5":{"start":{"line":37,"column":8},"end":{"line":37,"column":43}},"6":{"start":{"line":38,"column":8},"end":{"line":38,"column":42}},"7":{"start":{"line":43,"column":8},"end":{"line":43,"column":66}},"8":{"start":{"line":49,"column":8},"end":{"line":49,"column":43}},"9":{"start":{"line":50,"column":8},"end":{"line":50,"column":58}},"10":{"start":{"line":51,"column":8},"end":{"line":51,"column":35}},"11":{"start":{"line":52,"column":8},"end":{"line":52,"column":35}},"12":{"start":{"line":56,"column":8},"end":{"line":56,"column":58}},"13":{"start":{"line":57,"column":8},"end":{"line":57,"column":35}},"14":{"start":{"line":58,"column":8},"end":{"line":58,"column":43}},"15":{"start":{"line":62,"column":8},"end":{"line":62,"column":54}},"16":{"start":{"line":63,"column":8},"end":{"line":63,"column":31}},"17":{"start":{"line":64,"column":8},"end":{"line":64,"column":39}},"18":{"start":{"line":68,"column":8},"end":{"line":68,"column":55}},"19":{"start":{"line":69,"column":8},"end":{"line":69,"column":32}},"20":{"start":{"line":70,"column":8},"end":{"line":70,"column":40}},"21":{"start":{"line":74,"column":8},"end":{"line":74,"column":65}},"22":{"start":{"line":75,"column":8},"end":{"line":75,"column":2686}},"23":{"start":{"line":76,"column":12},"end":{"line":76,"column":50}},"24":{"start":{"line":77,"column":12},"end":{"line":77,"column":54}},"25":{"start":{"line":82,"column":8},"end":{"line":82,"column":66}},"26":{"start":{"line":83,"column":8},"end":{"line":83,"column":3047}},"27":{"start":{"line":84,"column":12},"end":{"line":84,"column":52}},"28":{"start":{"line":85,"column":12},"end":{"line":85,"column":56}},"29":{"start":{"line":90,"column":8},"end":{"line":90,"column":3332}},"30":{"start":{"line":91,"column":12},"end":{"line":91,"column":39}},"31":{"start":{"line":101,"column":8},"end":{"line":101,"column":42}},"32":{"start":{"line":102,"column":8},"end":{"line":102,"column":116}},"33":{"start":{"line":104,"column":8},"end":{"line":104,"column":3835}},"34":{"start":{"line":105,"column":12},"end":{"line":105,"column":111}},"35":{"start":{"line":107,"column":8},"end":{"line":107,"column":69}},"36":{"start":{"line":112,"column":8},"end":{"line":112,"column":33}},"37":{"start":{"line":117,"column":8},"end":{"line":117,"column":42}},"38":{"start":{"line":121,"column":8},"end":{"line":121,"column":35}},"39":{"start":{"line":126,"column":8},"end":{"line":126,"column":82}},"40":{"start":{"line":127,"column":8},"end":{"line":127,"column":73}},"41":{"start":{"line":131,"column":8},"end":{"line":131,"column":5003}},"42":{"start":{"line":151,"column":8},"end":{"line":151,"column":71}},"43":{"start":{"line":155,"column":8},"end":{"line":155,"column":57}},"44":{"start":{"line":156,"column":8},"end":{"line":156,"column":5881}},"45":{"start":{"line":157,"column":12},"end":{"line":157,"column":61}},"46":{"start":{"line":158,"column":12},"end":{"line":158,"column":52}},"47":{"start":{"line":160,"column":12},"end":{"line":160,"column":25}},"48":{"start":{"line":166,"column":8},"end":{"line":166,"column":24}},"49":{"start":{"line":167,"column":8},"end":{"line":167,"column":6255}},"50":{"start":{"line":168,"column":12},"end":{"line":168,"column":6319}},"51":{"start":{"line":169,"column":16},"end":{"line":169,"column":44}},"52":{"start":{"line":170,"column":19},"end":{"line":170,"column":6432}},"53":{"start":{"line":171,"column":16},"end":{"line":171,"column":81}},"54":{"start":{"line":173,"column":12},"end":{"line":173,"column":35}},"55":{"start":{"line":175,"column":8},"end":{"line":175,"column":6674}},"56":{"start":{"line":176,"column":12},"end":{"line":176,"column":63}},"57":{"start":{"line":181,"column":8},"end":{"line":181,"column":6917}},"58":{"start":{"line":182,"column":12},"end":{"line":182,"column":79}},"59":{"start":{"line":183,"column":12},"end":{"line":183,"column":39}},"60":{"start":{"line":189,"column":8},"end":{"line":189,"column":58}},"61":{"start":{"line":190,"column":8},"end":{"line":190,"column":44}},"62":{"start":{"line":191,"column":8},"end":{"line":191,"column":68}},"63":{"start":{"line":193,"column":8},"end":{"line":193,"column":79}},"64":{"start":{"line":194,"column":8},"end":{"line":194,"column":86}},"65":{"start":{"line":195,"column":8},"end":{"line":195,"column":78}},"66":{"start":{"line":196,"column":8},"end":{"line":196,"column":94}},"67":{"start":{"line":198,"column":8},"end":{"line":198,"column":69}},"68":{"start":{"line":199,"column":8},"end":{"line":199,"column":75}},"69":{"start":{"line":201,"column":8},"end":{"line":201,"column":7919}},"70":{"start":{"line":202,"column":12},"end":{"line":202,"column":79}},"71":{"start":{"line":203,"column":12},"end":{"line":203,"column":73}},"72":{"start":{"line":204,"column":12},"end":{"line":204,"column":58}},"73":{"start":{"line":205,"column":15},"end":{"line":205,"column":8199}},"74":{"start":{"line":206,"column":12},"end":{"line":206,"column":55}},"75":{"start":{"line":208,"column":12},"end":{"line":208,"column":8320}},"76":{"start":{"line":209,"column":16},"end":{"line":209,"column":77}},"77":{"start":{"line":212,"column":8},"end":{"line":212,"column":8477}},"78":{"start":{"line":213,"column":12},"end":{"line":213,"column":62}},"79":{"start":{"line":215,"column":12},"end":{"line":215,"column":61}},"80":{"start":{"line":220,"column":8},"end":{"line":220,"column":75}},"81":{"start":{"line":220,"column":34},"end":{"line":220,"column":74}},"82":{"start":{"line":221,"column":8},"end":{"line":221,"column":36}},"83":{"start":{"line":223,"column":8},"end":{"line":223,"column":43}},"84":{"start":{"line":224,"column":8},"end":{"line":224,"column":44}},"85":{"start":{"line":225,"column":8},"end":{"line":225,"column":58}},"86":{"start":{"line":227,"column":12},"end":{"line":227,"column":37}},"87":{"start":{"line":228,"column":12},"end":{"line":228,"column":45}},"88":{"start":{"line":229,"column":12},"end":{"line":229,"column":43}},"89":{"start":{"line":230,"column":12},"end":{"line":230,"column":45}},"90":{"start":{"line":231,"column":12},"end":{"line":231,"column":37}},"91":{"start":{"line":232,"column":12},"end":{"line":232,"column":41}},"92":{"start":{"line":233,"column":12},"end":{"line":233,"column":39}},"93":{"start":{"line":234,"column":12},"end":{"line":234,"column":39}},"94":{"start":{"line":235,"column":12},"end":{"line":235,"column":43}},"95":{"start":{"line":236,"column":12},"end":{"line":236,"column":45}},"96":{"start":{"line":237,"column":12},"end":{"line":237,"column":41}},"97":{"start":{"line":238,"column":12},"end":{"line":238,"column":35}},"98":{"start":{"line":241,"column":8},"end":{"line":241,"column":28}},"99":{"start":{"line":242,"column":8},"end":{"line":242,"column":22}},"100":{"start":{"line":243,"column":8},"end":{"line":243,"column":24}},"101":{"start":{"line":244,"column":8},"end":{"line":244,"column":23}},"102":{"start":{"line":245,"column":8},"end":{"line":245,"column":9707}},"103":{"start":{"line":246,"column":12},"end":{"line":246,"column":39}},"104":{"start":{"line":247,"column":12},"end":{"line":247,"column":31}},"105":{"start":{"line":248,"column":12},"end":{"line":248,"column":35}},"106":{"start":{"line":249,"column":12},"end":{"line":249,"column":33}},"107":{"start":{"line":251,"column":12},"end":{"line":251,"column":55}},"108":{"start":{"line":252,"column":12},"end":{"line":252,"column":34}},"109":{"start":{"line":253,"column":12},"end":{"line":253,"column":23}},"110":{"start":{"line":254,"column":12},"end":{"line":254,"column":65}},"111":{"start":{"line":257,"column":8},"end":{"line":257,"column":95}},"112":{"start":{"line":259,"column":8},"end":{"line":259,"column":42}},"113":{"start":{"line":263,"column":8},"end":{"line":263,"column":60}},"114":{"start":{"line":264,"column":8},"end":{"line":264,"column":49}},"115":{"start":{"line":265,"column":8},"end":{"line":265,"column":38}},"116":{"start":{"line":266,"column":8},"end":{"line":266,"column":39}},"117":{"start":{"line":268,"column":8},"end":{"line":268,"column":28}},"118":{"start":{"line":269,"column":8},"end":{"line":269,"column":22}},"119":{"start":{"line":270,"column":8},"end":{"line":270,"column":24}},"120":{"start":{"line":271,"column":8},"end":{"line":271,"column":10645}},"121":{"start":{"line":272,"column":12},"end":{"line":272,"column":40}},"122":{"start":{"line":273,"column":12},"end":{"line":273,"column":32}},"123":{"start":{"line":274,"column":12},"end":{"line":274,"column":36}},"124":{"start":{"line":276,"column":12},"end":{"line":276,"column":46}},"125":{"start":{"line":277,"column":12},"end":{"line":277,"column":49}},"126":{"start":{"line":278,"column":12},"end":{"line":278,"column":28}},"127":{"start":{"line":279,"column":12},"end":{"line":279,"column":23}},"128":{"start":{"line":280,"column":12},"end":{"line":280,"column":59}},"129":{"start":{"line":284,"column":8},"end":{"line":284,"column":96}},"130":{"start":{"line":285,"column":8},"end":{"line":285,"column":36}},"131":{"start":{"line":286,"column":8},"end":{"line":286,"column":47}},"132":{"start":{"line":303,"column":8},"end":{"line":303,"column":58}},"133":{"start":{"line":304,"column":8},"end":{"line":304,"column":33}},"134":{"start":{"line":306,"column":8},"end":{"line":306,"column":11817}},"135":{"start":{"line":307,"column":12},"end":{"line":307,"column":80}},"136":{"start":{"line":308,"column":12},"end":{"line":308,"column":57}},"137":{"start":{"line":309,"column":12},"end":{"line":309,"column":44}},"138":{"start":{"line":325,"column":8},"end":{"line":325,"column":12434}},"139":{"start":{"line":331,"column":8},"end":{"line":331,"column":78}},"140":{"start":{"line":333,"column":8},"end":{"line":333,"column":12706}},"141":{"start":{"line":334,"column":12},"end":{"line":334,"column":85}},"142":{"start":{"line":334,"column":25},"end":{"line":334,"column":84}},"143":{"start":{"line":335,"column":12},"end":{"line":335,"column":96}},"144":{"start":{"line":335,"column":29},"end":{"line":335,"column":95}},"145":{"start":{"line":337,"column":12},"end":{"line":337,"column":92}},"146":{"start":{"line":339,"column":12},"end":{"line":339,"column":100}},"147":{"start":{"line":341,"column":12},"end":{"line":341,"column":86}},"148":{"start":{"line":341,"column":25},"end":{"line":341,"column":85}},"149":{"start":{"line":342,"column":12},"end":{"line":342,"column":97}},"150":{"start":{"line":342,"column":29},"end":{"line":342,"column":96}},"151":{"start":{"line":344,"column":12},"end":{"line":344,"column":99}},"152":{"start":{"line":346,"column":12},"end":{"line":346,"column":93}},"153":{"start":{"line":356,"column":8},"end":{"line":356,"column":87}},"154":{"start":{"line":364,"column":8},"end":{"line":364,"column":13963}},"155":{"start":{"line":365,"column":12},"end":{"line":365,"column":113}},"156":{"start":{"line":379,"column":8},"end":{"line":379,"column":47}},"157":{"start":{"line":380,"column":8},"end":{"line":380,"column":14464}},"158":{"start":{"line":381,"column":12},"end":{"line":381,"column":54}},"159":{"start":{"line":382,"column":12},"end":{"line":382,"column":50}},"160":{"start":{"line":384,"column":12},"end":{"line":384,"column":14629}},"161":{"start":{"line":385,"column":16},"end":{"line":385,"column":69}},"162":{"start":{"line":385,"column":41},"end":{"line":385,"column":68}},"163":{"start":{"line":387,"column":16},"end":{"line":387,"column":14750}},"164":{"start":{"line":388,"column":20},"end":{"line":388,"column":53}},"165":{"start":{"line":389,"column":20},"end":{"line":389,"column":68}},"166":{"start":{"line":389,"column":34},"end":{"line":389,"column":67}},"167":{"start":{"line":392,"column":16},"end":{"line":392,"column":69}},"168":{"start":{"line":393,"column":16},"end":{"line":393,"column":43}},"169":{"start":{"line":395,"column":15},"end":{"line":395,"column":15084}},"170":{"start":{"line":396,"column":12},"end":{"line":396,"column":52}},"171":{"start":{"line":398,"column":12},"end":{"line":398,"column":15195}},"172":{"start":{"line":399,"column":16},"end":{"line":399,"column":53}},"173":{"start":{"line":401,"column":16},"end":{"line":401,"column":63}},"174":{"start":{"line":403,"column":15},"end":{"line":403,"column":15397}},"175":{"start":{"line":404,"column":12},"end":{"line":404,"column":54}},"176":{"start":{"line":405,"column":12},"end":{"line":405,"column":74}},"177":{"start":{"line":408,"column":12},"end":{"line":408,"column":56}},"178":{"start":{"line":409,"column":12},"end":{"line":409,"column":54}},"179":{"start":{"line":410,"column":12},"end":{"line":410,"column":57}},"180":{"start":{"line":415,"column":8},"end":{"line":415,"column":53}},"181":{"start":{"line":416,"column":8},"end":{"line":416,"column":15956}},"182":{"start":{"line":417,"column":12},"end":{"line":417,"column":40}},"183":{"start":{"line":418,"column":12},"end":{"line":418,"column":48}}},"branchMap":{"1":{"line":43,"type":"if","locations":[{"start":{"line":43,"column":8},"end":{"line":43,"column":8}},{"start":{"line":43,"column":8},"end":{"line":43,"column":8}}]},"2":{"line":49,"type":"if","locations":[{"start":{"line":49,"column":8},"end":{"line":49,"column":8}},{"start":{"line":49,"column":8},"end":{"line":49,"column":8}}]},"3":{"line":50,"type":"if","locations":[{"start":{"line":50,"column":8},"end":{"line":50,"column":8}},{"start":{"line":50,"column":8},"end":{"line":50,"column":8}}]},"4":{"line":56,"type":"if","locations":[{"start":{"line":56,"column":8},"end":{"line":56,"column":8}},{"start":{"line":56,"column":8},"end":{"line":56,"column":8}}]},"5":{"line":62,"type":"if","locations":[{"start":{"line":62,"column":8},"end":{"line":62,"column":8}},{"start":{"line":62,"column":8},"end":{"line":62,"column":8}}]},"6":{"line":68,"type":"if","locations":[{"start":{"line":68,"column":8},"end":{"line":68,"column":8}},{"start":{"line":68,"column":8},"end":{"line":68,"column":8}}]},"7":{"line":74,"type":"if","locations":[{"start":{"line":74,"column":8},"end":{"line":74,"column":8}},{"start":{"line":74,"column":8},"end":{"line":74,"column":8}}]},"8":{"line":82,"type":"if","locations":[{"start":{"line":82,"column":8},"end":{"line":82,"column":8}},{"start":{"line":82,"column":8},"end":{"line":82,"column":8}}]},"9":{"line":102,"type":"if","locations":[{"start":{"line":102,"column":8},"end":{"line":102,"column":8}},{"start":{"line":102,"column":8},"end":{"line":102,"column":8}}]},"10":{"line":126,"type":"if","locations":[{"start":{"line":126,"column":8},"end":{"line":126,"column":8}},{"start":{"line":126,"column":8},"end":{"line":126,"column":8}}]},"11":{"line":127,"type":"if","locations":[{"start":{"line":127,"column":8},"end":{"line":127,"column":8}},{"start":{"line":127,"column":8},"end":{"line":127,"column":8}}]},"12":{"line":156,"type":"if","locations":[{"start":{"line":156,"column":8},"end":{"line":156,"column":8}},{"start":{"line":156,"column":8},"end":{"line":156,"column":8}}]},"13":{"line":168,"type":"if","locations":[{"start":{"line":168,"column":12},"end":{"line":168,"column":12}},{"start":{"line":168,"column":12},"end":{"line":168,"column":12}}]},"14":{"line":170,"type":"if","locations":[{"start":{"line":170,"column":19},"end":{"line":170,"column":19}},{"start":{"line":170,"column":19},"end":{"line":170,"column":19}}]},"15":{"line":175,"type":"if","locations":[{"start":{"line":175,"column":8},"end":{"line":175,"column":8}},{"start":{"line":175,"column":8},"end":{"line":175,"column":8}}]},"16":{"line":176,"type":"if","locations":[{"start":{"line":176,"column":12},"end":{"line":176,"column":12}},{"start":{"line":176,"column":12},"end":{"line":176,"column":12}}]},"17":{"line":182,"type":"if","locations":[{"start":{"line":182,"column":12},"end":{"line":182,"column":12}},{"start":{"line":182,"column":12},"end":{"line":182,"column":12}}]},"18":{"line":189,"type":"if","locations":[{"start":{"line":189,"column":8},"end":{"line":189,"column":8}},{"start":{"line":189,"column":8},"end":{"line":189,"column":8}}]},"19":{"line":190,"type":"if","locations":[{"start":{"line":190,"column":8},"end":{"line":190,"column":8}},{"start":{"line":190,"column":8},"end":{"line":190,"column":8}}]},"20":{"line":191,"type":"if","locations":[{"start":{"line":191,"column":8},"end":{"line":191,"column":8}},{"start":{"line":191,"column":8},"end":{"line":191,"column":8}}]},"21":{"line":193,"type":"if","locations":[{"start":{"line":193,"column":8},"end":{"line":193,"column":8}},{"start":{"line":193,"column":8},"end":{"line":193,"column":8}}]},"22":{"line":194,"type":"if","locations":[{"start":{"line":194,"column":8},"end":{"line":194,"column":8}},{"start":{"line":194,"column":8},"end":{"line":194,"column":8}}]},"23":{"line":195,"type":"if","locations":[{"start":{"line":195,"column":8},"end":{"line":195,"column":8}},{"start":{"line":195,"column":8},"end":{"line":195,"column":8}}]},"24":{"line":196,"type":"if","locations":[{"start":{"line":196,"column":8},"end":{"line":196,"column":8}},{"start":{"line":196,"column":8},"end":{"line":196,"column":8}}]},"25":{"line":198,"type":"if","locations":[{"start":{"line":198,"column":8},"end":{"line":198,"column":8}},{"start":{"line":198,"column":8},"end":{"line":198,"column":8}}]},"26":{"line":199,"type":"if","locations":[{"start":{"line":199,"column":8},"end":{"line":199,"column":8}},{"start":{"line":199,"column":8},"end":{"line":199,"column":8}}]},"27":{"line":201,"type":"if","locations":[{"start":{"line":201,"column":8},"end":{"line":201,"column":8}},{"start":{"line":201,"column":8},"end":{"line":201,"column":8}}]},"28":{"line":202,"type":"if","locations":[{"start":{"line":202,"column":12},"end":{"line":202,"column":12}},{"start":{"line":202,"column":12},"end":{"line":202,"column":12}}]},"29":{"line":203,"type":"if","locations":[{"start":{"line":203,"column":12},"end":{"line":203,"column":12}},{"start":{"line":203,"column":12},"end":{"line":203,"column":12}}]},"30":{"line":204,"type":"if","locations":[{"start":{"line":204,"column":12},"end":{"line":204,"column":12}},{"start":{"line":204,"column":12},"end":{"line":204,"column":12}}]},"31":{"line":205,"type":"if","locations":[{"start":{"line":205,"column":15},"end":{"line":205,"column":15}},{"start":{"line":205,"column":15},"end":{"line":205,"column":15}}]},"32":{"line":206,"type":"if","locations":[{"start":{"line":206,"column":12},"end":{"line":206,"column":12}},{"start":{"line":206,"column":12},"end":{"line":206,"column":12}}]},"33":{"line":208,"type":"if","locations":[{"start":{"line":208,"column":12},"end":{"line":208,"column":12}},{"start":{"line":208,"column":12},"end":{"line":208,"column":12}}]},"34":{"line":209,"type":"if","locations":[{"start":{"line":209,"column":16},"end":{"line":209,"column":16}},{"start":{"line":209,"column":16},"end":{"line":209,"column":16}}]},"35":{"line":212,"type":"if","locations":[{"start":{"line":212,"column":8},"end":{"line":212,"column":8}},{"start":{"line":212,"column":8},"end":{"line":212,"column":8}}]},"36":{"line":213,"type":"if","locations":[{"start":{"line":213,"column":12},"end":{"line":213,"column":12}},{"start":{"line":213,"column":12},"end":{"line":213,"column":12}}]},"37":{"line":215,"type":"if","locations":[{"start":{"line":215,"column":12},"end":{"line":215,"column":12}},{"start":{"line":215,"column":12},"end":{"line":215,"column":12}}]},"38":{"line":220,"type":"if","locations":[{"start":{"line":220,"column":8},"end":{"line":220,"column":8}},{"start":{"line":220,"column":8},"end":{"line":220,"column":8}}]},"39":{"line":225,"type":"if","locations":[{"start":{"line":225,"column":8},"end":{"line":225,"column":8}},{"start":{"line":225,"column":8},"end":{"line":225,"column":8}}]},"40":{"line":245,"type":"if","locations":[{"start":{"line":245,"column":8},"end":{"line":245,"column":8}},{"start":{"line":245,"column":8},"end":{"line":245,"column":8}}]},"41":{"line":263,"type":"if","locations":[{"start":{"line":263,"column":8},"end":{"line":263,"column":8}},{"start":{"line":263,"column":8},"end":{"line":263,"column":8}}]},"42":{"line":266,"type":"if","locations":[{"start":{"line":266,"column":8},"end":{"line":266,"column":8}},{"start":{"line":266,"column":8},"end":{"line":266,"column":8}}]},"43":{"line":271,"type":"if","locations":[{"start":{"line":271,"column":8},"end":{"line":271,"column":8}},{"start":{"line":271,"column":8},"end":{"line":271,"column":8}}]},"44":{"line":306,"type":"if","locations":[{"start":{"line":306,"column":8},"end":{"line":306,"column":8}},{"start":{"line":306,"column":8},"end":{"line":306,"column":8}}]},"45":{"line":333,"type":"if","locations":[{"start":{"line":333,"column":8},"end":{"line":333,"column":8}},{"start":{"line":333,"column":8},"end":{"line":333,"column":8}}]},"46":{"line":334,"type":"if","locations":[{"start":{"line":334,"column":12},"end":{"line":334,"column":12}},{"start":{"line":334,"column":12},"end":{"line":334,"column":12}}]},"47":{"line":335,"type":"if","locations":[{"start":{"line":335,"column":12},"end":{"line":335,"column":12}},{"start":{"line":335,"column":12},"end":{"line":335,"column":12}}]},"48":{"line":341,"type":"if","locations":[{"start":{"line":341,"column":12},"end":{"line":341,"column":12}},{"start":{"line":341,"column":12},"end":{"line":341,"column":12}}]},"49":{"line":342,"type":"if","locations":[{"start":{"line":342,"column":12},"end":{"line":342,"column":12}},{"start":{"line":342,"column":12},"end":{"line":342,"column":12}}]},"50":{"line":364,"type":"if","locations":[{"start":{"line":364,"column":8},"end":{"line":364,"column":8}},{"start":{"line":364,"column":8},"end":{"line":364,"column":8}}]},"51":{"line":379,"type":"if","locations":[{"start":{"line":379,"column":8},"end":{"line":379,"column":8}},{"start":{"line":379,"column":8},"end":{"line":379,"column":8}}]},"52":{"line":380,"type":"if","locations":[{"start":{"line":380,"column":8},"end":{"line":380,"column":8}},{"start":{"line":380,"column":8},"end":{"line":380,"column":8}}]},"53":{"line":381,"type":"if","locations":[{"start":{"line":381,"column":12},"end":{"line":381,"column":12}},{"start":{"line":381,"column":12},"end":{"line":381,"column":12}}]},"54":{"line":382,"type":"if","locations":[{"start":{"line":382,"column":12},"end":{"line":382,"column":12}},{"start":{"line":382,"column":12},"end":{"line":382,"column":12}}]},"55":{"line":384,"type":"if","locations":[{"start":{"line":384,"column":12},"end":{"line":384,"column":12}},{"start":{"line":384,"column":12},"end":{"line":384,"column":12}}]},"56":{"line":385,"type":"if","locations":[{"start":{"line":385,"column":16},"end":{"line":385,"column":16}},{"start":{"line":385,"column":16},"end":{"line":385,"column":16}}]},"57":{"line":387,"type":"if","locations":[{"start":{"line":387,"column":16},"end":{"line":387,"column":16}},{"start":{"line":387,"column":16},"end":{"line":387,"column":16}}]},"58":{"line":389,"type":"if","locations":[{"start":{"line":389,"column":20},"end":{"line":389,"column":20}},{"start":{"line":389,"column":20},"end":{"line":389,"column":20}}]},"59":{"line":392,"type":"if","locations":[{"start":{"line":392,"column":16},"end":{"line":392,"column":16}},{"start":{"line":392,"column":16},"end":{"line":392,"column":16}}]},"60":{"line":395,"type":"if","locations":[{"start":{"line":395,"column":15},"end":{"line":395,"column":15}},{"start":{"line":395,"column":15},"end":{"line":395,"column":15}}]},"61":{"line":396,"type":"if","locations":[{"start":{"line":396,"column":12},"end":{"line":396,"column":12}},{"start":{"line":396,"column":12},"end":{"line":396,"column":12}}]},"62":{"line":398,"type":"if","locations":[{"start":{"line":398,"column":12},"end":{"line":398,"column":12}},{"start":{"line":398,"column":12},"end":{"line":398,"column":12}}]},"63":{"line":403,"type":"if","locations":[{"start":{"line":403,"column":15},"end":{"line":403,"column":15}},{"start":{"line":403,"column":15},"end":{"line":403,"column":15}}]},"64":{"line":404,"type":"if","locations":[{"start":{"line":404,"column":12},"end":{"line":404,"column":12}},{"start":{"line":404,"column":12},"end":{"line":404,"column":12}}]},"65":{"line":408,"type":"if","locations":[{"start":{"line":408,"column":12},"end":{"line":408,"column":12}},{"start":{"line":408,"column":12},"end":{"line":408,"column":12}}]},"66":{"line":409,"type":"if","locations":[{"start":{"line":409,"column":12},"end":{"line":409,"column":12}},{"start":{"line":409,"column":12},"end":{"line":409,"column":12}}]},"67":{"line":416,"type":"if","locations":[{"start":{"line":416,"column":8},"end":{"line":416,"column":8}},{"start":{"line":416,"column":8},"end":{"line":416,"column":8}}]}}},"contracts\\GaiaDexDelayedTrade.sol":{"l":{"19":2,"20":1,"21":1,"25":2,"26":1,"27":1,"31":4,"32":3,"33":2,"34":2,"38":42,"39":42,"40":42,"42":42,"43":12,"45":12,"46":12,"47":8,"48":8,"55":4,"65":12,"66":12,"69":42,"74":93,"78":130,"79":126,"80":21,"81":21,"83":105,"84":105,"89":61,"90":61,"91":55,"93":49,"98":129,"99":128,"101":128,"102":128,"104":127,"105":127,"107":126,"108":126,"110":126,"111":126,"112":126,"114":124,"116":122,"117":87,"118":72,"120":15,"125":13,"127":84,"128":84,"130":84,"133":35,"135":35,"136":31,"137":30,"139":4,"144":2,"148":114,"149":114,"151":114,"152":114,"153":114,"154":1,"155":1,"156":1,"158":114,"162":91,"163":91,"164":91,"166":79,"167":79,"169":61,"170":61,"172":61,"173":61,"174":61,"175":61,"177":49,"179":49,"192":49,"193":16,"201":49,"202":49,"203":49,"207":199,"209":192,"210":191,"211":189},"path":"C:\\Users\\kavan\\Documents\\GitHub\\gaia-dex\\contracts\\GaiaDexDelayedTrade.sol","s":{"1":2,"2":1,"3":1,"4":2,"5":1,"6":1,"7":4,"8":3,"9":2,"10":2,"11":42,"12":42,"13":42,"14":42,"15":12,"16":12,"17":12,"18":8,"19":8,"20":4,"21":12,"22":42,"23":93,"24":130,"25":126,"26":21,"27":21,"28":105,"29":105,"30":61,"31":61,"32":55,"33":49,"34":129,"35":128,"36":128,"37":128,"38":127,"39":127,"40":126,"41":126,"42":126,"43":126,"44":126,"45":124,"46":122,"47":87,"48":72,"49":15,"50":13,"51":84,"52":84,"53":84,"54":33,"55":35,"56":35,"57":31,"58":30,"59":4,"60":2,"61":114,"62":114,"63":114,"64":114,"65":114,"66":1,"67":1,"68":1,"69":114,"70":91,"71":91,"72":91,"73":79,"74":79,"75":61,"76":61,"77":61,"78":61,"79":61,"80":61,"81":49,"82":49,"83":49,"84":16,"85":49,"86":49,"87":199,"88":192,"89":191,"90":189},"b":{"1":[1,1],"2":[1,1],"3":[3,1],"4":[2,1],"5":[12,30],"6":[8,4],"7":[21,105],"8":[55,6],"9":[49,6],"10":[128,1],"11":[127,1],"12":[126,1],"13":[124,2],"14":[87,35],"15":[72,15],"16":[71,1],"17":[13,2],"18":[33,51],"19":[31,2],"20":[31,4],"21":[30,1],"22":[2,2],"23":[1,113],"24":[79,12],"25":[61,18],"26":[61,0],"27":[49,12],"28":[16,33],"29":[191,1],"30":[189,2],"31":[187,2]},"f":{"1":696,"2":2,"3":2,"4":4,"5":42,"6":93,"7":130,"8":61,"9":129,"10":91,"11":199},"fnMap":{"1":{"name":"constructor","line":16,"loc":{"start":{"line":16,"column":4},"end":{"line":16,"column":85}}},"2":{"name":"setMaxDuration","line":18,"loc":{"start":{"line":18,"column":4},"end":{"line":22,"column":4}}},"3":{"name":"setAuctionExtensionInternal","line":24,"loc":{"start":{"line":24,"column":4},"end":{"line":28,"column":4}}},"4":{"name":"setMinBiddingDiff","line":30,"loc":{"start":{"line":30,"column":4},"end":{"line":35,"column":4}}},"5":{"name":"cancelOrdersByOwner","line":37,"loc":{"start":{"line":37,"column":4},"end":{"line":71,"column":4}}},"6":{"name":"bestBidding","line":73,"loc":{"start":{"line":73,"column":4},"end":{"line":75,"column":4}}},"7":{"name":"_getCurrentPrice","line":77,"loc":{"start":{"line":77,"column":4},"end":{"line":86,"column":4}}},"8":{"name":"cancelOrders","line":88,"loc":{"start":{"line":88,"column":4},"end":{"line":95,"column":4}}},"9":{"name":"bid","line":97,"loc":{"start":{"line":97,"column":4},"end":{"line":159,"column":4}}},"10":{"name":"claim","line":161,"loc":{"start":{"line":161,"column":4},"end":{"line":204,"column":4}}},"11":{"name":"_checkOrderForCreation","line":206,"loc":{"start":{"line":206,"column":4},"end":{"line":212,"column":4}}}},"statementMap":{"1":{"start":{"line":19,"column":8},"end":{"line":19,"column":55}},"2":{"start":{"line":20,"column":8},"end":{"line":20,"column":32}},"3":{"start":{"line":21,"column":8},"end":{"line":21,"column":40}},"4":{"start":{"line":25,"column":8},"end":{"line":25,"column":68}},"5":{"start":{"line":26,"column":8},"end":{"line":26,"column":45}},"6":{"start":{"line":27,"column":8},"end":{"line":27,"column":53}},"7":{"start":{"line":31,"column":8},"end":{"line":31,"column":49}},"8":{"start":{"line":32,"column":8},"end":{"line":32,"column":54}},"9":{"start":{"line":33,"column":8},"end":{"line":33,"column":31}},"10":{"start":{"line":34,"column":8},"end":{"line":34,"column":39}},"11":{"start":{"line":38,"column":8},"end":{"line":38,"column":1424}},"12":{"start":{"line":39,"column":12},"end":{"line":39,"column":76}},"13":{"start":{"line":40,"column":12},"end":{"line":40,"column":53}},"14":{"start":{"line":42,"column":12},"end":{"line":42,"column":1629}},"15":{"start":{"line":43,"column":16},"end":{"line":43,"column":62}},"16":{"start":{"line":45,"column":16},"end":{"line":45,"column":67}},"17":{"start":{"line":46,"column":16},"end":{"line":46,"column":1835}},"18":{"start":{"line":47,"column":20},"end":{"line":47,"column":54}},"19":{"start":{"line":48,"column":20},"end":{"line":48,"column":1964}},"20":{"start":{"line":55,"column":20},"end":{"line":55,"column":2239}},"21":{"start":{"line":66,"column":16},"end":{"line":66,"column":74}},"22":{"start":{"line":69,"column":12},"end":{"line":69,"column":39}},"23":{"start":{"line":74,"column":8},"end":{"line":74,"column":40}},"24":{"start":{"line":78,"column":8},"end":{"line":78,"column":40}},"25":{"start":{"line":79,"column":8},"end":{"line":79,"column":3077}},"26":{"start":{"line":80,"column":12},"end":{"line":80,"column":56}},"27":{"start":{"line":81,"column":12},"end":{"line":81,"column":56}},"28":{"start":{"line":83,"column":12},"end":{"line":83,"column":51}},"29":{"start":{"line":84,"column":12},"end":{"line":84,"column":51}},"30":{"start":{"line":89,"column":8},"end":{"line":89,"column":3525}},"31":{"start":{"line":90,"column":12},"end":{"line":90,"column":79}},"32":{"start":{"line":91,"column":12},"end":{"line":91,"column":87}},"33":{"start":{"line":93,"column":12},"end":{"line":93,"column":39}},"34":{"start":{"line":98,"column":8},"end":{"line":98,"column":58}},"35":{"start":{"line":99,"column":8},"end":{"line":99,"column":49}},"36":{"start":{"line":101,"column":8},"end":{"line":101,"column":41}},"37":{"start":{"line":102,"column":8},"end":{"line":102,"column":54}},"38":{"start":{"line":104,"column":8},"end":{"line":104,"column":38}},"39":{"start":{"line":105,"column":8},"end":{"line":105,"column":47}},"40":{"start":{"line":107,"column":8},"end":{"line":107,"column":67}},"41":{"start":{"line":108,"column":8},"end":{"line":108,"column":49}},"42":{"start":{"line":110,"column":8},"end":{"line":110,"column":36}},"43":{"start":{"line":111,"column":8},"end":{"line":111,"column":42}},"44":{"start":{"line":112,"column":8},"end":{"line":112,"column":105}},"45":{"start":{"line":114,"column":8},"end":{"line":114,"column":69}},"46":{"start":{"line":116,"column":8},"end":{"line":116,"column":4645}},"47":{"start":{"line":117,"column":12},"end":{"line":117,"column":4709}},"48":{"start":{"line":118,"column":16},"end":{"line":118,"column":105}},"49":{"start":{"line":120,"column":16},"end":{"line":120,"column":4893}},"50":{"start":{"line":125,"column":16},"end":{"line":125,"column":117}},"51":{"start":{"line":127,"column":12},"end":{"line":127,"column":65}},"52":{"start":{"line":128,"column":12},"end":{"line":128,"column":77}},"53":{"start":{"line":130,"column":12},"end":{"line":130,"column":87}},"54":{"start":{"line":130,"column":40},"end":{"line":130,"column":86}},"55":{"start":{"line":133,"column":12},"end":{"line":133,"column":44}},"56":{"start":{"line":135,"column":12},"end":{"line":135,"column":5599}},"57":{"start":{"line":136,"column":16},"end":{"line":136,"column":105}},"58":{"start":{"line":137,"column":16},"end":{"line":137,"column":107}},"59":{"start":{"line":139,"column":16},"end":{"line":139,"column":5894}},"60":{"start":{"line":144,"column":16},"end":{"line":144,"column":104}},"61":{"start":{"line":148,"column":8},"end":{"line":148,"column":40}},"62":{"start":{"line":149,"column":8},"end":{"line":149,"column":36}},"63":{"start":{"line":151,"column":8},"end":{"line":151,"column":51}},"64":{"start":{"line":152,"column":8},"end":{"line":152,"column":39}},"65":{"start":{"line":153,"column":8},"end":{"line":153,"column":6430}},"66":{"start":{"line":154,"column":12},"end":{"line":154,"column":31}},"67":{"start":{"line":155,"column":12},"end":{"line":155,"column":35}},"68":{"start":{"line":156,"column":12},"end":{"line":156,"column":50}},"69":{"start":{"line":158,"column":8},"end":{"line":158,"column":47}},"70":{"start":{"line":162,"column":8},"end":{"line":162,"column":49}},"71":{"start":{"line":163,"column":8},"end":{"line":163,"column":39}},"72":{"start":{"line":164,"column":8},"end":{"line":164,"column":56}},"73":{"start":{"line":166,"column":8},"end":{"line":166,"column":66}},"74":{"start":{"line":167,"column":8},"end":{"line":167,"column":64}},"75":{"start":{"line":169,"column":8},"end":{"line":169,"column":38}},"76":{"start":{"line":170,"column":8},"end":{"line":170,"column":39}},"77":{"start":{"line":172,"column":8},"end":{"line":172,"column":41}},"78":{"start":{"line":173,"column":8},"end":{"line":173,"column":36}},"79":{"start":{"line":174,"column":8},"end":{"line":174,"column":42}},"80":{"start":{"line":175,"column":8},"end":{"line":175,"column":105}},"81":{"start":{"line":177,"column":8},"end":{"line":177,"column":89}},"82":{"start":{"line":179,"column":8},"end":{"line":179,"column":7479}},"83":{"start":{"line":192,"column":8},"end":{"line":192,"column":7798}},"84":{"start":{"line":193,"column":12},"end":{"line":193,"column":7861}},"85":{"start":{"line":201,"column":8},"end":{"line":201,"column":24}},"86":{"start":{"line":202,"column":8},"end":{"line":202,"column":73}},"87":{"start":{"line":207,"column":8},"end":{"line":207,"column":42}},"88":{"start":{"line":209,"column":8},"end":{"line":209,"column":81}},"89":{"start":{"line":210,"column":8},"end":{"line":210,"column":83}},"90":{"start":{"line":211,"column":8},"end":{"line":211,"column":82}}},"branchMap":{"1":{"line":19,"type":"if","locations":[{"start":{"line":19,"column":8},"end":{"line":19,"column":8}},{"start":{"line":19,"column":8},"end":{"line":19,"column":8}}]},"2":{"line":25,"type":"if","locations":[{"start":{"line":25,"column":8},"end":{"line":25,"column":8}},{"start":{"line":25,"column":8},"end":{"line":25,"column":8}}]},"3":{"line":31,"type":"if","locations":[{"start":{"line":31,"column":8},"end":{"line":31,"column":8}},{"start":{"line":31,"column":8},"end":{"line":31,"column":8}}]},"4":{"line":32,"type":"if","locations":[{"start":{"line":32,"column":8},"end":{"line":32,"column":8}},{"start":{"line":32,"column":8},"end":{"line":32,"column":8}}]},"5":{"line":42,"type":"if","locations":[{"start":{"line":42,"column":12},"end":{"line":42,"column":12}},{"start":{"line":42,"column":12},"end":{"line":42,"column":12}}]},"6":{"line":46,"type":"if","locations":[{"start":{"line":46,"column":16},"end":{"line":46,"column":16}},{"start":{"line":46,"column":16},"end":{"line":46,"column":16}}]},"7":{"line":79,"type":"if","locations":[{"start":{"line":79,"column":8},"end":{"line":79,"column":8}},{"start":{"line":79,"column":8},"end":{"line":79,"column":8}}]},"8":{"line":90,"type":"if","locations":[{"start":{"line":90,"column":12},"end":{"line":90,"column":12}},{"start":{"line":90,"column":12},"end":{"line":90,"column":12}}]},"9":{"line":91,"type":"if","locations":[{"start":{"line":91,"column":12},"end":{"line":91,"column":12}},{"start":{"line":91,"column":12},"end":{"line":91,"column":12}}]},"10":{"line":98,"type":"if","locations":[{"start":{"line":98,"column":8},"end":{"line":98,"column":8}},{"start":{"line":98,"column":8},"end":{"line":98,"column":8}}]},"11":{"line":102,"type":"if","locations":[{"start":{"line":102,"column":8},"end":{"line":102,"column":8}},{"start":{"line":102,"column":8},"end":{"line":102,"column":8}}]},"12":{"line":105,"type":"if","locations":[{"start":{"line":105,"column":8},"end":{"line":105,"column":8}},{"start":{"line":105,"column":8},"end":{"line":105,"column":8}}]},"13":{"line":112,"type":"if","locations":[{"start":{"line":112,"column":8},"end":{"line":112,"column":8}},{"start":{"line":112,"column":8},"end":{"line":112,"column":8}}]},"14":{"line":116,"type":"if","locations":[{"start":{"line":116,"column":8},"end":{"line":116,"column":8}},{"start":{"line":116,"column":8},"end":{"line":116,"column":8}}]},"15":{"line":117,"type":"if","locations":[{"start":{"line":117,"column":12},"end":{"line":117,"column":12}},{"start":{"line":117,"column":12},"end":{"line":117,"column":12}}]},"16":{"line":118,"type":"if","locations":[{"start":{"line":118,"column":16},"end":{"line":118,"column":16}},{"start":{"line":118,"column":16},"end":{"line":118,"column":16}}]},"17":{"line":120,"type":"if","locations":[{"start":{"line":120,"column":16},"end":{"line":120,"column":16}},{"start":{"line":120,"column":16},"end":{"line":120,"column":16}}]},"18":{"line":130,"type":"if","locations":[{"start":{"line":130,"column":12},"end":{"line":130,"column":12}},{"start":{"line":130,"column":12},"end":{"line":130,"column":12}}]},"19":{"line":130,"type":"if","locations":[{"start":{"line":130,"column":40},"end":{"line":130,"column":40}},{"start":{"line":130,"column":40},"end":{"line":130,"column":40}}]},"20":{"line":135,"type":"if","locations":[{"start":{"line":135,"column":12},"end":{"line":135,"column":12}},{"start":{"line":135,"column":12},"end":{"line":135,"column":12}}]},"21":{"line":136,"type":"if","locations":[{"start":{"line":136,"column":16},"end":{"line":136,"column":16}},{"start":{"line":136,"column":16},"end":{"line":136,"column":16}}]},"22":{"line":139,"type":"if","locations":[{"start":{"line":139,"column":16},"end":{"line":139,"column":16}},{"start":{"line":139,"column":16},"end":{"line":139,"column":16}}]},"23":{"line":153,"type":"if","locations":[{"start":{"line":153,"column":8},"end":{"line":153,"column":8}},{"start":{"line":153,"column":8},"end":{"line":153,"column":8}}]},"24":{"line":164,"type":"if","locations":[{"start":{"line":164,"column":8},"end":{"line":164,"column":8}},{"start":{"line":164,"column":8},"end":{"line":164,"column":8}}]},"25":{"line":167,"type":"if","locations":[{"start":{"line":167,"column":8},"end":{"line":167,"column":8}},{"start":{"line":167,"column":8},"end":{"line":167,"column":8}}]},"26":{"line":170,"type":"if","locations":[{"start":{"line":170,"column":8},"end":{"line":170,"column":8}},{"start":{"line":170,"column":8},"end":{"line":170,"column":8}}]},"27":{"line":175,"type":"if","locations":[{"start":{"line":175,"column":8},"end":{"line":175,"column":8}},{"start":{"line":175,"column":8},"end":{"line":175,"column":8}}]},"28":{"line":192,"type":"if","locations":[{"start":{"line":192,"column":8},"end":{"line":192,"column":8}},{"start":{"line":192,"column":8},"end":{"line":192,"column":8}}]},"29":{"line":209,"type":"if","locations":[{"start":{"line":209,"column":8},"end":{"line":209,"column":8}},{"start":{"line":209,"column":8},"end":{"line":209,"column":8}}]},"30":{"line":210,"type":"if","locations":[{"start":{"line":210,"column":8},"end":{"line":210,"column":8}},{"start":{"line":210,"column":8},"end":{"line":210,"column":8}}]},"31":{"line":211,"type":"if","locations":[{"start":{"line":211,"column":8},"end":{"line":211,"column":8}},{"start":{"line":211,"column":8},"end":{"line":211,"column":8}}]}}},"contracts\\GaiaDexInstantTrade.sol":{"l":{"11":480,"12":466,"13":466,"14":267,"15":267,"18":199,"19":199,"20":199,"22":199,"24":199,"25":199,"26":111,"28":88,"31":199,"32":199,"41":160,"42":160,"43":160,"44":179,"50":173,"51":141,"53":122,"54":23,"55":21,"57":99,"67":246,"68":246,"69":230,"70":230,"72":228,"73":228,"75":228,"76":228,"80":228,"81":292,"82":292,"83":292,"84":280,"85":280,"86":53,"87":27,"89":106,"96":121,"103":254,"105":176,"106":174,"107":174,"108":26,"110":70,"112":78,"114":174,"116":143,"117":23,"118":23,"119":20,"120":20,"121":20,"123":3,"128":3,"129":3,"132":120,"133":108,"134":108,"135":108,"137":12,"138":4,"139":4,"142":135,"145":83,"146":45,"147":45,"148":45,"149":1,"151":11,"155":83,"156":24,"157":24,"159":59,"164":972,"165":909,"166":608,"168":301,"169":301,"170":298,"172":298,"173":298,"174":298,"176":296,"185":316,"186":316,"188":316,"190":310,"191":310,"193":303,"194":303,"195":133,"198":281,"200":281,"201":275,"202":275,"204":272,"205":272,"207":272,"208":272,"209":272,"213":272,"226":269,"227":174,"229":45,"236":269},"path":"C:\\Users\\kavan\\Documents\\GitHub\\gaia-dex\\contracts\\GaiaDexInstantTrade.sol","s":{"1":480,"2":466,"3":466,"4":267,"5":267,"6":199,"7":199,"8":199,"9":199,"10":199,"11":199,"12":111,"13":88,"14":199,"15":199,"16":160,"17":160,"18":160,"19":179,"20":173,"21":141,"22":122,"23":23,"24":21,"25":99,"26":246,"27":241,"28":246,"29":230,"30":230,"31":228,"32":228,"33":228,"34":228,"35":41,"36":187,"37":84,"38":103,"39":103,"40":228,"41":292,"42":292,"43":292,"44":280,"45":280,"46":53,"47":27,"48":227,"49":106,"50":121,"51":254,"52":176,"53":174,"54":174,"55":26,"56":148,"57":70,"58":78,"59":174,"60":143,"61":23,"62":23,"63":20,"64":20,"65":20,"66":3,"67":3,"68":3,"69":120,"70":108,"71":108,"72":108,"73":12,"74":4,"75":4,"76":135,"77":83,"78":45,"79":45,"80":45,"81":1,"82":44,"83":11,"84":83,"85":24,"86":24,"87":59,"88":972,"89":909,"90":608,"91":301,"92":301,"93":298,"94":298,"95":298,"96":298,"97":296,"98":316,"99":316,"100":316,"101":310,"102":310,"103":7,"104":303,"105":303,"106":133,"107":281,"108":3,"109":281,"110":275,"111":275,"112":272,"113":272,"114":272,"115":272,"116":211,"117":61,"118":272,"119":269,"120":174,"121":67,"122":95,"123":45,"124":269},"b":{"1":[267,199],"2":[111,88],"3":[160,0],"4":[173,6],"5":[23,99],"6":[21,2],"7":[99,0],"8":[241,5],"9":[230,0],"10":[228,2],"11":[41,187],"12":[84,103],"13":[103,0],"14":[12,280],"15":[53,227],"16":[27,26],"17":[106,121],"18":[176,78],"19":[26,148],"20":[70,78],"21":[143,31],"22":[23,120],"23":[20,3],"24":[108,12],"25":[32,103],"26":[45,38],"27":[1,44],"28":[11,33],"29":[24,59],"30":[24,0],"31":[59,0],"32":[608,301],"33":[606,2],"34":[301,0],"35":[298,3],"36":[298,0],"37":[295,1],"38":[310,6],"39":[7,303],"40":[133,170],"41":[111,22],"42":[3,278],"43":[272,3],"44":[211,61],"45":[174,95],"46":[67,107],"47":[45,50]},"f":{"1":891,"2":480,"3":160,"4":246,"5":972,"6":316},"fnMap":{"1":{"name":"constructor","line":8,"loc":{"start":{"line":8,"column":4},"end":{"line":8,"column":85}}},"2":{"name":"_getCurrentPrice","line":10,"loc":{"start":{"line":10,"column":4},"end":{"line":34,"column":4}}},"3":{"name":"fillOrders","line":40,"loc":{"start":{"line":36,"column":4},"end":{"line":59,"column":4}}},"4":{"name":"createOrderWithFilling","line":65,"loc":{"start":{"line":61,"column":4},"end":{"line":161,"column":4}}},"5":{"name":"_checkOrderForCreation","line":163,"loc":{"start":{"line":163,"column":4},"end":{"line":178,"column":4}}},"6":{"name":"_fillOrder","line":180,"loc":{"start":{"line":180,"column":4},"end":{"line":237,"column":4}}}},"statementMap":{"1":{"start":{"line":11,"column":8},"end":{"line":11,"column":40}},"2":{"start":{"line":12,"column":8},"end":{"line":12,"column":49}},"3":{"start":{"line":13,"column":8},"end":{"line":13,"column":530}},"4":{"start":{"line":14,"column":12},"end":{"line":14,"column":39}},"5":{"start":{"line":15,"column":12},"end":{"line":15,"column":39}},"6":{"start":{"line":18,"column":12},"end":{"line":18,"column":47}},"7":{"start":{"line":19,"column":12},"end":{"line":19,"column":58}},"8":{"start":{"line":20,"column":12},"end":{"line":20,"column":61}},"9":{"start":{"line":22,"column":12},"end":{"line":22,"column":53}},"10":{"start":{"line":24,"column":12},"end":{"line":24,"column":67}},"11":{"start":{"line":25,"column":12},"end":{"line":25,"column":1030}},"12":{"start":{"line":26,"column":16},"end":{"line":26,"column":97}},"13":{"start":{"line":28,"column":16},"end":{"line":28,"column":97}},"14":{"start":{"line":31,"column":12},"end":{"line":31,"column":58}},"15":{"start":{"line":32,"column":12},"end":{"line":32,"column":32}},"16":{"start":{"line":41,"column":8},"end":{"line":41,"column":72}},"17":{"start":{"line":42,"column":8},"end":{"line":42,"column":33}},"18":{"start":{"line":43,"column":8},"end":{"line":43,"column":1747}},"19":{"start":{"line":44,"column":12},"end":{"line":44,"column":1815}},"20":{"start":{"line":50,"column":12},"end":{"line":50,"column":92}},"21":{"start":{"line":51,"column":12},"end":{"line":51,"column":44}},"22":{"start":{"line":53,"column":8},"end":{"line":53,"column":2194}},"23":{"start":{"line":54,"column":12},"end":{"line":54,"column":71}},"24":{"start":{"line":55,"column":12},"end":{"line":55,"column":108}},"25":{"start":{"line":57,"column":12},"end":{"line":57,"column":55}},"26":{"start":{"line":67,"column":8},"end":{"line":67,"column":77}},"27":{"start":{"line":67,"column":35},"end":{"line":67,"column":76}},"28":{"start":{"line":68,"column":8},"end":{"line":68,"column":37}},"29":{"start":{"line":69,"column":8},"end":{"line":69,"column":70}},"30":{"start":{"line":70,"column":8},"end":{"line":70,"column":51}},"31":{"start":{"line":72,"column":8},"end":{"line":72,"column":33}},"32":{"start":{"line":73,"column":8},"end":{"line":73,"column":46}},"33":{"start":{"line":75,"column":8},"end":{"line":75,"column":21}},"34":{"start":{"line":76,"column":8},"end":{"line":76,"column":3119}},"35":{"start":{"line":76,"column":49},"end":{"line":76,"column":57}},"36":{"start":{"line":77,"column":13},"end":{"line":77,"column":3185}},"37":{"start":{"line":77,"column":58},"end":{"line":77,"column":66}},"38":{"start":{"line":78,"column":13},"end":{"line":78,"column":66}},"39":{"start":{"line":78,"column":57},"end":{"line":78,"column":65}},"40":{"start":{"line":80,"column":8},"end":{"line":80,"column":3263}},"41":{"start":{"line":81,"column":12},"end":{"line":81,"column":58}},"42":{"start":{"line":82,"column":12},"end":{"line":82,"column":43}},"43":{"start":{"line":83,"column":12},"end":{"line":83,"column":38}},"44":{"start":{"line":84,"column":12},"end":{"line":84,"column":29}},"45":{"start":{"line":85,"column":12},"end":{"line":85,"column":3511}},"46":{"start":{"line":86,"column":16},"end":{"line":86,"column":80}},"47":{"start":{"line":87,"column":16},"end":{"line":87,"column":96}},"48":{"start":{"line":88,"column":19},"end":{"line":88,"column":3733}},"49":{"start":{"line":89,"column":16},"end":{"line":89,"column":3809}},"50":{"start":{"line":96,"column":16},"end":{"line":96,"column":4154}},"51":{"start":{"line":103,"column":12},"end":{"line":103,"column":51}},"52":{"start":{"line":105,"column":12},"end":{"line":105,"column":72}},"53":{"start":{"line":106,"column":12},"end":{"line":106,"column":29}},"54":{"start":{"line":107,"column":12},"end":{"line":107,"column":4612}},"55":{"start":{"line":108,"column":16},"end":{"line":108,"column":96}},"56":{"start":{"line":109,"column":19},"end":{"line":109,"column":4750}},"57":{"start":{"line":110,"column":16},"end":{"line":110,"column":96}},"58":{"start":{"line":112,"column":16},"end":{"line":112,"column":96}},"59":{"start":{"line":114,"column":12},"end":{"line":114,"column":49}},"60":{"start":{"line":116,"column":12},"end":{"line":116,"column":5073}},"61":{"start":{"line":117,"column":16},"end":{"line":117,"column":73}},"62":{"start":{"line":118,"column":16},"end":{"line":118,"column":5188}},"63":{"start":{"line":119,"column":20},"end":{"line":119,"column":85}},"64":{"start":{"line":120,"column":20},"end":{"line":120,"column":48}},"65":{"start":{"line":121,"column":20},"end":{"line":121,"column":52}},"66":{"start":{"line":123,"column":20},"end":{"line":123,"column":5473}},"67":{"start":{"line":128,"column":20},"end":{"line":128,"column":37}},"68":{"start":{"line":129,"column":20},"end":{"line":129,"column":52}},"69":{"start":{"line":132,"column":16},"end":{"line":132,"column":5823}},"70":{"start":{"line":133,"column":20},"end":{"line":133,"column":85}},"71":{"start":{"line":134,"column":20},"end":{"line":134,"column":44}},"72":{"start":{"line":135,"column":20},"end":{"line":135,"column":52}},"73":{"start":{"line":137,"column":20},"end":{"line":137,"column":92}},"74":{"start":{"line":138,"column":20},"end":{"line":138,"column":37}},"75":{"start":{"line":139,"column":20},"end":{"line":139,"column":52}},"76":{"start":{"line":142,"column":12},"end":{"line":142,"column":42}},"77":{"start":{"line":145,"column":8},"end":{"line":145,"column":6359}},"78":{"start":{"line":146,"column":12},"end":{"line":146,"column":41}},"79":{"start":{"line":147,"column":12},"end":{"line":147,"column":31}},"80":{"start":{"line":148,"column":12},"end":{"line":148,"column":6539}},"81":{"start":{"line":149,"column":16},"end":{"line":149,"column":50}},"82":{"start":{"line":150,"column":19},"end":{"line":150,"column":6654}},"83":{"start":{"line":151,"column":16},"end":{"line":151,"column":83}},"84":{"start":{"line":155,"column":8},"end":{"line":155,"column":6853}},"85":{"start":{"line":156,"column":12},"end":{"line":156,"column":71}},"86":{"start":{"line":157,"column":12},"end":{"line":157,"column":108}},"87":{"start":{"line":159,"column":12},"end":{"line":159,"column":55}},"88":{"start":{"line":164,"column":8},"end":{"line":164,"column":42}},"89":{"start":{"line":165,"column":8},"end":{"line":165,"column":7298}},"90":{"start":{"line":166,"column":12},"end":{"line":166,"column":87}},"91":{"start":{"line":168,"column":12},"end":{"line":168,"column":75}},"92":{"start":{"line":169,"column":12},"end":{"line":169,"column":82}},"93":{"start":{"line":170,"column":12},"end":{"line":170,"column":100}},"94":{"start":{"line":172,"column":12},"end":{"line":172,"column":79}},"95":{"start":{"line":173,"column":12},"end":{"line":173,"column":79}},"96":{"start":{"line":174,"column":12},"end":{"line":174,"column":106}},"97":{"start":{"line":176,"column":12},"end":{"line":176,"column":92}},"98":{"start":{"line":185,"column":8},"end":{"line":185,"column":49}},"99":{"start":{"line":186,"column":8},"end":{"line":186,"column":42}},"100":{"start":{"line":188,"column":8},"end":{"line":188,"column":53}},"101":{"start":{"line":190,"column":8},"end":{"line":190,"column":38}},"102":{"start":{"line":191,"column":8},"end":{"line":191,"column":33}},"103":{"start":{"line":191,"column":25},"end":{"line":191,"column":33}},"104":{"start":{"line":193,"column":8},"end":{"line":193,"column":43}},"105":{"start":{"line":194,"column":8},"end":{"line":194,"column":8590}},"106":{"start":{"line":195,"column":12},"end":{"line":195,"column":68}},"107":{"start":{"line":198,"column":8},"end":{"line":198,"column":56}},"108":{"start":{"line":198,"column":35},"end":{"line":198,"column":55}},"109":{"start":{"line":200,"column":8},"end":{"line":200,"column":62}},"110":{"start":{"line":201,"column":8},"end":{"line":201,"column":41}},"111":{"start":{"line":202,"column":8},"end":{"line":202,"column":54}},"112":{"start":{"line":204,"column":8},"end":{"line":204,"column":46}},"113":{"start":{"line":205,"column":8},"end":{"line":205,"column":67}},"114":{"start":{"line":208,"column":12},"end":{"line":208,"column":58}},"115":{"start":{"line":209,"column":12},"end":{"line":209,"column":9212}},"116":{"start":{"line":209,"column":63},"end":{"line":209,"column":79}},"117":{"start":{"line":210,"column":17},"end":{"line":210,"column":46}},"118":{"start":{"line":213,"column":8},"end":{"line":213,"column":9315}},"119":{"start":{"line":226,"column":8},"end":{"line":226,"column":9631}},"120":{"start":{"line":227,"column":12},"end":{"line":227,"column":65}},"121":{"start":{"line":227,"column":40},"end":{"line":227,"column":64}},"122":{"start":{"line":228,"column":15},"end":{"line":228,"column":9762}},"123":{"start":{"line":229,"column":12},"end":{"line":229,"column":9820}},"124":{"start":{"line":236,"column":8},"end":{"line":236,"column":83}}},"branchMap":{"1":{"line":13,"type":"if","locations":[{"start":{"line":13,"column":8},"end":{"line":13,"column":8}},{"start":{"line":13,"column":8},"end":{"line":13,"column":8}}]},"2":{"line":25,"type":"if","locations":[{"start":{"line":25,"column":12},"end":{"line":25,"column":12}},{"start":{"line":25,"column":12},"end":{"line":25,"column":12}}]},"3":{"line":41,"type":"if","locations":[{"start":{"line":41,"column":8},"end":{"line":41,"column":8}},{"start":{"line":41,"column":8},"end":{"line":41,"column":8}}]},"4":{"line":44,"type":"if","locations":[{"start":{"line":44,"column":12},"end":{"line":44,"column":12}},{"start":{"line":44,"column":12},"end":{"line":44,"column":12}}]},"5":{"line":53,"type":"if","locations":[{"start":{"line":53,"column":8},"end":{"line":53,"column":8}},{"start":{"line":53,"column":8},"end":{"line":53,"column":8}}]},"6":{"line":54,"type":"if","locations":[{"start":{"line":54,"column":12},"end":{"line":54,"column":12}},{"start":{"line":54,"column":12},"end":{"line":54,"column":12}}]},"7":{"line":57,"type":"if","locations":[{"start":{"line":57,"column":12},"end":{"line":57,"column":12}},{"start":{"line":57,"column":12},"end":{"line":57,"column":12}}]},"8":{"line":67,"type":"if","locations":[{"start":{"line":67,"column":8},"end":{"line":67,"column":8}},{"start":{"line":67,"column":8},"end":{"line":67,"column":8}}]},"9":{"line":69,"type":"if","locations":[{"start":{"line":69,"column":8},"end":{"line":69,"column":8}},{"start":{"line":69,"column":8},"end":{"line":69,"column":8}}]},"10":{"line":70,"type":"if","locations":[{"start":{"line":70,"column":8},"end":{"line":70,"column":8}},{"start":{"line":70,"column":8},"end":{"line":70,"column":8}}]},"11":{"line":76,"type":"if","locations":[{"start":{"line":76,"column":8},"end":{"line":76,"column":8}},{"start":{"line":76,"column":8},"end":{"line":76,"column":8}}]},"12":{"line":77,"type":"if","locations":[{"start":{"line":77,"column":13},"end":{"line":77,"column":13}},{"start":{"line":77,"column":13},"end":{"line":77,"column":13}}]},"13":{"line":78,"type":"if","locations":[{"start":{"line":78,"column":13},"end":{"line":78,"column":13}},{"start":{"line":78,"column":13},"end":{"line":78,"column":13}}]},"14":{"line":83,"type":"if","locations":[{"start":{"line":83,"column":12},"end":{"line":83,"column":12}},{"start":{"line":83,"column":12},"end":{"line":83,"column":12}}]},"15":{"line":85,"type":"if","locations":[{"start":{"line":85,"column":12},"end":{"line":85,"column":12}},{"start":{"line":85,"column":12},"end":{"line":85,"column":12}}]},"16":{"line":86,"type":"if","locations":[{"start":{"line":86,"column":16},"end":{"line":86,"column":16}},{"start":{"line":86,"column":16},"end":{"line":86,"column":16}}]},"17":{"line":88,"type":"if","locations":[{"start":{"line":88,"column":19},"end":{"line":88,"column":19}},{"start":{"line":88,"column":19},"end":{"line":88,"column":19}}]},"18":{"line":103,"type":"if","locations":[{"start":{"line":103,"column":12},"end":{"line":103,"column":12}},{"start":{"line":103,"column":12},"end":{"line":103,"column":12}}]},"19":{"line":107,"type":"if","locations":[{"start":{"line":107,"column":12},"end":{"line":107,"column":12}},{"start":{"line":107,"column":12},"end":{"line":107,"column":12}}]},"20":{"line":109,"type":"if","locations":[{"start":{"line":109,"column":19},"end":{"line":109,"column":19}},{"start":{"line":109,"column":19},"end":{"line":109,"column":19}}]},"21":{"line":114,"type":"if","locations":[{"start":{"line":114,"column":12},"end":{"line":114,"column":12}},{"start":{"line":114,"column":12},"end":{"line":114,"column":12}}]},"22":{"line":116,"type":"if","locations":[{"start":{"line":116,"column":12},"end":{"line":116,"column":12}},{"start":{"line":116,"column":12},"end":{"line":116,"column":12}}]},"23":{"line":118,"type":"if","locations":[{"start":{"line":118,"column":16},"end":{"line":118,"column":16}},{"start":{"line":118,"column":16},"end":{"line":118,"column":16}}]},"24":{"line":132,"type":"if","locations":[{"start":{"line":132,"column":16},"end":{"line":132,"column":16}},{"start":{"line":132,"column":16},"end":{"line":132,"column":16}}]},"25":{"line":142,"type":"if","locations":[{"start":{"line":142,"column":12},"end":{"line":142,"column":12}},{"start":{"line":142,"column":12},"end":{"line":142,"column":12}}]},"26":{"line":145,"type":"if","locations":[{"start":{"line":145,"column":8},"end":{"line":145,"column":8}},{"start":{"line":145,"column":8},"end":{"line":145,"column":8}}]},"27":{"line":148,"type":"if","locations":[{"start":{"line":148,"column":12},"end":{"line":148,"column":12}},{"start":{"line":148,"column":12},"end":{"line":148,"column":12}}]},"28":{"line":150,"type":"if","locations":[{"start":{"line":150,"column":19},"end":{"line":150,"column":19}},{"start":{"line":150,"column":19},"end":{"line":150,"column":19}}]},"29":{"line":155,"type":"if","locations":[{"start":{"line":155,"column":8},"end":{"line":155,"column":8}},{"start":{"line":155,"column":8},"end":{"line":155,"column":8}}]},"30":{"line":156,"type":"if","locations":[{"start":{"line":156,"column":12},"end":{"line":156,"column":12}},{"start":{"line":156,"column":12},"end":{"line":156,"column":12}}]},"31":{"line":159,"type":"if","locations":[{"start":{"line":159,"column":12},"end":{"line":159,"column":12}},{"start":{"line":159,"column":12},"end":{"line":159,"column":12}}]},"32":{"line":165,"type":"if","locations":[{"start":{"line":165,"column":8},"end":{"line":165,"column":8}},{"start":{"line":165,"column":8},"end":{"line":165,"column":8}}]},"33":{"line":166,"type":"if","locations":[{"start":{"line":166,"column":12},"end":{"line":166,"column":12}},{"start":{"line":166,"column":12},"end":{"line":166,"column":12}}]},"34":{"line":168,"type":"if","locations":[{"start":{"line":168,"column":12},"end":{"line":168,"column":12}},{"start":{"line":168,"column":12},"end":{"line":168,"column":12}}]},"35":{"line":169,"type":"if","locations":[{"start":{"line":169,"column":12},"end":{"line":169,"column":12}},{"start":{"line":169,"column":12},"end":{"line":169,"column":12}}]},"36":{"line":170,"type":"if","locations":[{"start":{"line":170,"column":12},"end":{"line":170,"column":12}},{"start":{"line":170,"column":12},"end":{"line":170,"column":12}}]},"37":{"line":176,"type":"if","locations":[{"start":{"line":176,"column":12},"end":{"line":176,"column":12}},{"start":{"line":176,"column":12},"end":{"line":176,"column":12}}]},"38":{"line":188,"type":"if","locations":[{"start":{"line":188,"column":8},"end":{"line":188,"column":8}},{"start":{"line":188,"column":8},"end":{"line":188,"column":8}}]},"39":{"line":191,"type":"if","locations":[{"start":{"line":191,"column":8},"end":{"line":191,"column":8}},{"start":{"line":191,"column":8},"end":{"line":191,"column":8}}]},"40":{"line":194,"type":"if","locations":[{"start":{"line":194,"column":8},"end":{"line":194,"column":8}},{"start":{"line":194,"column":8},"end":{"line":194,"column":8}}]},"41":{"line":195,"type":"if","locations":[{"start":{"line":195,"column":12},"end":{"line":195,"column":12}},{"start":{"line":195,"column":12},"end":{"line":195,"column":12}}]},"42":{"line":198,"type":"if","locations":[{"start":{"line":198,"column":8},"end":{"line":198,"column":8}},{"start":{"line":198,"column":8},"end":{"line":198,"column":8}}]},"43":{"line":202,"type":"if","locations":[{"start":{"line":202,"column":8},"end":{"line":202,"column":8}},{"start":{"line":202,"column":8},"end":{"line":202,"column":8}}]},"44":{"line":209,"type":"if","locations":[{"start":{"line":209,"column":12},"end":{"line":209,"column":12}},{"start":{"line":209,"column":12},"end":{"line":209,"column":12}}]},"45":{"line":226,"type":"if","locations":[{"start":{"line":226,"column":8},"end":{"line":226,"column":8}},{"start":{"line":226,"column":8},"end":{"line":226,"column":8}}]},"46":{"line":227,"type":"if","locations":[{"start":{"line":227,"column":12},"end":{"line":227,"column":12}},{"start":{"line":227,"column":12},"end":{"line":227,"column":12}}]},"47":{"line":228,"type":"if","locations":[{"start":{"line":228,"column":15},"end":{"line":228,"column":15}},{"start":{"line":228,"column":15},"end":{"line":228,"column":15}}]}}},"contracts\\interfaces\\IBaseGaiaDex.sol":{"l":{},"path":"C:\\Users\\kavan\\Documents\\GitHub\\gaia-dex\\contracts\\interfaces\\IBaseGaiaDex.sol","s":{},"b":{},"f":{},"fnMap":{},"statementMap":{},"branchMap":{}},"contracts\\interfaces\\IGaiaDexDelayedTrade.sol":{"l":{},"path":"C:\\Users\\kavan\\Documents\\GitHub\\gaia-dex\\contracts\\interfaces\\IGaiaDexDelayedTrade.sol","s":{},"b":{},"f":{},"fnMap":{},"statementMap":{},"branchMap":{}},"contracts\\interfaces\\IGaiaDexInstantTrade.sol":{"l":{},"path":"C:\\Users\\kavan\\Documents\\GitHub\\gaia-dex\\contracts\\interfaces\\IGaiaDexInstantTrade.sol","s":{},"b":{},"f":{},"fnMap":{},"statementMap":{},"branchMap":{}},"contracts\\interfaces\\IRoyaltyDB.sol":{"l":{},"path":"C:\\Users\\kavan\\Documents\\GitHub\\gaia-dex\\contracts\\interfaces\\IRoyaltyDB.sol","s":{},"b":{},"f":{},"fnMap":{},"statementMap":{},"branchMap":{}},"contracts\\interfaces\\IWETH.sol":{"l":{},"path":"C:\\Users\\kavan\\Documents\\GitHub\\gaia-dex\\contracts\\interfaces\\IWETH.sol","s":{},"b":{},"f":{},"fnMap":{},"statementMap":{},"branchMap":{}},"contracts\\libraries\\ERC1155Holder.sol":{"l":{"14":339,"24":0},"path":"C:\\Users\\kavan\\Documents\\GitHub\\gaia-dex\\contracts\\libraries\\ERC1155Holder.sol","s":{"1":339,"2":0},"b":{},"f":{"1":339,"2":0},"fnMap":{"1":{"name":"onERC1155Received","line":7,"loc":{"start":{"line":7,"column":4},"end":{"line":15,"column":4}}},"2":{"name":"onERC1155BatchReceived","line":17,"loc":{"start":{"line":17,"column":4},"end":{"line":25,"column":4}}}},"statementMap":{"1":{"start":{"line":14,"column":8},"end":{"line":14,"column":46}},"2":{"start":{"line":24,"column":8},"end":{"line":24,"column":51}}},"branchMap":{}},"contracts\\RoyaltyDB.sol":{"l":{"16":259,"20":2,"21":1,"22":1,"26":4,"27":2,"29":1,"30":1,"39":189,"40":2,"43":2,"44":2,"45":2,"48":188,"49":187,"50":187,"51":187},"path":"C:\\Users\\kavan\\Documents\\GitHub\\gaia-dex\\contracts\\RoyaltyDB.sol","s":{"1":259,"2":2,"3":1,"4":1,"5":4,"6":2,"7":1,"8":1,"9":189,"10":2,"11":2,"12":2,"13":2,"14":188,"15":187,"16":187,"17":187},"b":{"1":[1,1],"2":[2,2],"3":[1,1],"4":[2,187],"5":[1,1],"6":[187,1]},"f":{"1":259,"2":2,"3":4,"4":189},"fnMap":{"1":{"name":"royaltyInfoOf","line":15,"loc":{"start":{"line":15,"column":4},"end":{"line":17,"column":4}}},"2":{"name":"setMaxRoyalty","line":19,"loc":{"start":{"line":19,"column":4},"end":{"line":23,"column":4}}},"3":{"name":"updateSigner","line":25,"loc":{"start":{"line":25,"column":4},"end":{"line":31,"column":4}}},"4":{"name":"setRoyaltyInfo","line":33,"loc":{"start":{"line":33,"column":4},"end":{"line":52,"column":4}}}},"statementMap":{"1":{"start":{"line":16,"column":8},"end":{"line":16,"column":32}},"2":{"start":{"line":20,"column":8},"end":{"line":20,"column":54}},"3":{"start":{"line":21,"column":8},"end":{"line":21,"column":33}},"4":{"start":{"line":22,"column":8},"end":{"line":22,"column":41}},"5":{"start":{"line":26,"column":8},"end":{"line":26,"column":59}},"6":{"start":{"line":27,"column":8},"end":{"line":27,"column":48}},"7":{"start":{"line":29,"column":8},"end":{"line":29,"column":25}},"8":{"start":{"line":30,"column":8},"end":{"line":30,"column":36}},"9":{"start":{"line":39,"column":8},"end":{"line":39,"column":1221}},"10":{"start":{"line":40,"column":12},"end":{"line":40,"column":1268}},"11":{"start":{"line":43,"column":12},"end":{"line":43,"column":64}},"12":{"start":{"line":44,"column":12},"end":{"line":44,"column":63}},"13":{"start":{"line":45,"column":12},"end":{"line":45,"column":55}},"14":{"start":{"line":48,"column":8},"end":{"line":48,"column":53}},"15":{"start":{"line":49,"column":8},"end":{"line":49,"column":42}},"16":{"start":{"line":50,"column":8},"end":{"line":50,"column":46}},"17":{"start":{"line":51,"column":8},"end":{"line":51,"column":54}}},"branchMap":{"1":{"line":20,"type":"if","locations":[{"start":{"line":20,"column":8},"end":{"line":20,"column":8}},{"start":{"line":20,"column":8},"end":{"line":20,"column":8}}]},"2":{"line":26,"type":"if","locations":[{"start":{"line":26,"column":8},"end":{"line":26,"column":8}},{"start":{"line":26,"column":8},"end":{"line":26,"column":8}}]},"3":{"line":27,"type":"if","locations":[{"start":{"line":27,"column":8},"end":{"line":27,"column":8}},{"start":{"line":27,"column":8},"end":{"line":27,"column":8}}]},"4":{"line":39,"type":"if","locations":[{"start":{"line":39,"column":8},"end":{"line":39,"column":8}},{"start":{"line":39,"column":8},"end":{"line":39,"column":8}}]},"5":{"line":45,"type":"if","locations":[{"start":{"line":45,"column":12},"end":{"line":45,"column":12}},{"start":{"line":45,"column":12},"end":{"line":45,"column":12}}]},"6":{"line":48,"type":"if","locations":[{"start":{"line":48,"column":8},"end":{"line":48,"column":8}},{"start":{"line":48,"column":8},"end":{"line":48,"column":8}}]}}},"contracts\\test\\ERC1155Mock.sol":{"l":{"9":0,"18":977,"27":0,"35":0,"43":0,"52":0,"61":0,"69":974},"path":"C:\\Users\\kavan\\Documents\\GitHub\\gaia-dex\\contracts\\test\\ERC1155Mock.sol","s":{"1":0,"2":977,"3":0,"4":0,"5":0,"6":0,"7":0,"8":974},"b":{},"f":{"1":2916,"2":0,"3":977,"4":0,"5":0,"6":0,"7":0,"8":0,"9":974},"fnMap":{"1":{"name":"constructor","line":6,"loc":{"start":{"line":6,"column":4},"end":{"line":6,"column":31}}},"2":{"name":"setURI","line":8,"loc":{"start":{"line":8,"column":4},"end":{"line":10,"column":4}}},"3":{"name":"mint","line":12,"loc":{"start":{"line":12,"column":4},"end":{"line":19,"column":4}}},"4":{"name":"mintBatch","line":21,"loc":{"start":{"line":21,"column":4},"end":{"line":28,"column":4}}},"5":{"name":"burn","line":30,"loc":{"start":{"line":30,"column":4},"end":{"line":36,"column":4}}},"6":{"name":"burnBatch","line":38,"loc":{"start":{"line":38,"column":4},"end":{"line":44,"column":4}}},"7":{"name":"transferInternal","line":46,"loc":{"start":{"line":46,"column":4},"end":{"line":53,"column":4}}},"8":{"name":"transferBatchInternal","line":55,"loc":{"start":{"line":55,"column":4},"end":{"line":62,"column":4}}},"9":{"name":"approveInternal","line":64,"loc":{"start":{"line":64,"column":4},"end":{"line":70,"column":4}}}},"statementMap":{"1":{"start":{"line":9,"column":8},"end":{"line":9,"column":22}},"2":{"start":{"line":18,"column":8},"end":{"line":18,"column":33}},"3":{"start":{"line":27,"column":8},"end":{"line":27,"column":40}},"4":{"start":{"line":35,"column":8},"end":{"line":35,"column":30}},"5":{"start":{"line":43,"column":8},"end":{"line":43,"column":37}},"6":{"start":{"line":52,"column":8},"end":{"line":52,"column":50}},"7":{"start":{"line":61,"column":8},"end":{"line":61,"column":57}},"8":{"start":{"line":69,"column":8},"end":{"line":69,"column":51}}},"branchMap":{}},"contracts\\test\\ERC20Mock.sol":{"l":{"9":982,"13":0,"21":0,"29":980},"path":"C:\\Users\\kavan\\Documents\\GitHub\\gaia-dex\\contracts\\test\\ERC20Mock.sol","s":{"1":982,"2":0,"3":0,"4":980},"b":{},"f":{"1":2916,"2":982,"3":0,"4":0,"5":980},"fnMap":{"1":{"name":"constructor","line":6,"loc":{"start":{"line":6,"column":4},"end":{"line":6,"column":40}}},"2":{"name":"mint","line":8,"loc":{"start":{"line":8,"column":4},"end":{"line":10,"column":4}}},"3":{"name":"burnFrom","line":12,"loc":{"start":{"line":12,"column":4},"end":{"line":14,"column":4}}},"4":{"name":"transferInternal","line":16,"loc":{"start":{"line":16,"column":4},"end":{"line":22,"column":4}}},"5":{"name":"approveInternal","line":24,"loc":{"start":{"line":24,"column":4},"end":{"line":30,"column":4}}}},"statementMap":{"1":{"start":{"line":9,"column":8},"end":{"line":9,"column":29}},"2":{"start":{"line":13,"column":8},"end":{"line":13,"column":29}},"3":{"start":{"line":21,"column":8},"end":{"line":21,"column":33}},"4":{"start":{"line":29,"column":8},"end":{"line":29,"column":38}}},"branchMap":{}},"contracts\\test\\ERC721Mock.sol":{"l":{"9":0,"13":0,"17":1009,"21":0,"29":0,"33":0,"41":0,"49":972},"path":"C:\\Users\\kavan\\Documents\\GitHub\\gaia-dex\\contracts\\test\\ERC721Mock.sol","s":{"1":0,"2":0,"3":1009,"4":0,"5":0,"6":0,"7":0,"8":972},"b":{},"f":{"1":2916,"2":0,"3":0,"4":1009,"5":0,"6":0,"7":0,"8":0,"9":972},"fnMap":{"1":{"name":"constructor","line":6,"loc":{"start":{"line":6,"column":4},"end":{"line":6,"column":42}}},"2":{"name":"baseURI","line":8,"loc":{"start":{"line":8,"column":4},"end":{"line":10,"column":4}}},"3":{"name":"exists","line":12,"loc":{"start":{"line":12,"column":4},"end":{"line":14,"column":4}}},"4":{"name":"mint","line":16,"loc":{"start":{"line":16,"column":4},"end":{"line":18,"column":4}}},"5":{"name":"safeMint","line":20,"loc":{"start":{"line":20,"column":4},"end":{"line":22,"column":4}}},"6":{"name":"safeMint","line":24,"loc":{"start":{"line":24,"column":4},"end":{"line":30,"column":4}}},"7":{"name":"burn","line":32,"loc":{"start":{"line":32,"column":4},"end":{"line":34,"column":4}}},"8":{"name":"transferInternal","line":36,"loc":{"start":{"line":36,"column":4},"end":{"line":42,"column":4}}},"9":{"name":"approveInternal","line":44,"loc":{"start":{"line":44,"column":4},"end":{"line":50,"column":4}}}},"statementMap":{"1":{"start":{"line":9,"column":8},"end":{"line":9,"column":25}},"2":{"start":{"line":13,"column":8},"end":{"line":13,"column":31}},"3":{"start":{"line":17,"column":8},"end":{"line":17,"column":25}},"4":{"start":{"line":21,"column":8},"end":{"line":21,"column":29}},"5":{"start":{"line":29,"column":8},"end":{"line":29,"column":36}},"6":{"start":{"line":33,"column":8},"end":{"line":33,"column":21}},"7":{"start":{"line":41,"column":8},"end":{"line":41,"column":33}},"8":{"start":{"line":49,"column":8},"end":{"line":49,"column":51}}},"branchMap":{}},"contracts\\test\\MockWETH.sol":{"l":{"9":0,"13":0,"17":0,"18":0},"path":"C:\\Users\\kavan\\Documents\\GitHub\\gaia-dex\\contracts\\test\\MockWETH.sol","s":{"1":0,"2":0,"3":0},"b":{},"f":{"1":1458,"2":0,"3":0},"fnMap":{"1":{"name":"constructor","line":6,"loc":{"start":{"line":6,"column":4},"end":{"line":6,"column":46}}},"2":{"name":"deposit","line":12,"loc":{"start":{"line":12,"column":4},"end":{"line":14,"column":4}}},"3":{"name":"withdraw","line":16,"loc":{"start":{"line":16,"column":4},"end":{"line":19,"column":4}}}},"statementMap":{"1":{"start":{"line":13,"column":8},"end":{"line":13,"column":35}},"2":{"start":{"line":17,"column":8},"end":{"line":17,"column":32}},"3":{"start":{"line":18,"column":8},"end":{"line":18,"column":43}}},"branchMap":{}}}